<?xml version="1.0" encoding="UTF-8"?>
<!-- Generated by org.testng.reporters.JUnitReportReporter -->
<testsuite hostname="IN-B7KRXM3" failures="0" tests="1" name="testcases.ShopTest" time="6.013" errors="0" timestamp="2023-01-31T16:01:27 IST" skipped="0">
  <testcase classname="testcases.ShopTest" name="Searchh" time="6.013"/>
  <system-out/>
</testsuite> <!-- testcases.ShopTest -->
