<?xml version="1.0" encoding="UTF-8"?>
<!-- Generated by org.testng.reporters.JUnitReportReporter -->
<testsuite hostname="IN-B7KRXM3" failures="0" tests="1" name="testcases.TopDealsTest" time="10.113" errors="0" timestamp="2023-01-06T11:50:54 IST" skipped="0">
  <testcase classname="testcases.TopDealsTest" name="TopDealss" time="10.113"/>
  <system-out/>
</testsuite> <!-- testcases.TopDealsTest -->
